<?xml version="1.0" encoding="UTF-8"?>
<testsuite xmlns:xsi="http://www.w3.org/2001/XMLSchema-instance" xsi:noNamespaceSchemaLocation="https://maven.apache.org/surefire/maven-surefire-plugin/xsd/surefire-test-report-3.0.xsd" version="3.0" name="com.example.AppTest" time="0.021" tests="1" errors="0" skipped="0" failures="0">
  <properties>
    <property name="java.specification.version" value="19"/>
    <property name="sun.jnu.encoding" value="UTF-8"/>
    <property name="java.class.path" value="/Users/preveen/prevlabs/java/camel-hello-world/target/test-classes:/Users/preveen/prevlabs/java/camel-hello-world/target/classes:/Users/preveen/.m2/repository/junit/junit/3.8.1/junit-3.8.1.jar:/Users/preveen/.m2/repository/org/apache/camel/camel-core/3.14.0/camel-core-3.14.0.jar:/Users/preveen/.m2/repository/org/apache/camel/camel-core-engine/3.14.0/camel-core-engine-3.14.0.jar:/Users/preveen/.m2/repository/org/apache/camel/camel-api/3.14.0/camel-api-3.14.0.jar:/Users/preveen/.m2/repository/org/apache/camel/camel-base-engine/3.14.0/camel-base-engine-3.14.0.jar:/Users/preveen/.m2/repository/org/apache/camel/camel-base/3.14.0/camel-base-3.14.0.jar:/Users/preveen/.m2/repository/org/apache/camel/camel-core-reifier/3.14.0/camel-core-reifier-3.14.0.jar:/Users/preveen/.m2/repository/org/apache/camel/camel-core-processor/3.14.0/camel-core-processor-3.14.0.jar:/Users/preveen/.m2/repository/org/apache/camel/camel-management-api/3.14.0/camel-management-api-3.14.0.jar:/Users/preveen/.m2/repository/org/apache/camel/camel-util/3.14.0/camel-util-3.14.0.jar:/Users/preveen/.m2/repository/org/apache/camel/camel-core-languages/3.14.0/camel-core-languages-3.14.0.jar:/Users/preveen/.m2/repository/org/apache/camel/camel-core-model/3.14.0/camel-core-model-3.14.0.jar:/Users/preveen/.m2/repository/org/apache/camel/camel-bean/3.14.0/camel-bean-3.14.0.jar:/Users/preveen/.m2/repository/org/apache/camel/camel-browse/3.14.0/camel-browse-3.14.0.jar:/Users/preveen/.m2/repository/org/apache/camel/camel-cluster/3.14.0/camel-cluster-3.14.0.jar:/Users/preveen/.m2/repository/org/apache/camel/camel-controlbus/3.14.0/camel-controlbus-3.14.0.jar:/Users/preveen/.m2/repository/org/apache/camel/camel-dataformat/3.14.0/camel-dataformat-3.14.0.jar:/Users/preveen/.m2/repository/org/apache/camel/camel-dataset/3.14.0/camel-dataset-3.14.0.jar:/Users/preveen/.m2/repository/org/apache/camel/camel-direct/3.14.0/camel-direct-3.14.0.jar:/Users/preveen/.m2/repository/org/apache/camel/camel-directvm/3.14.0/camel-directvm-3.14.0.jar:/Users/preveen/.m2/repository/org/apache/camel/camel-file/3.14.0/camel-file-3.14.0.jar:/Users/preveen/.m2/repository/org/apache/camel/camel-health/3.14.0/camel-health-3.14.0.jar:/Users/preveen/.m2/repository/org/apache/camel/camel-language/3.14.0/camel-language-3.14.0.jar:/Users/preveen/.m2/repository/org/apache/camel/camel-log/3.14.0/camel-log-3.14.0.jar:/Users/preveen/.m2/repository/org/apache/camel/camel-mock/3.14.0/camel-mock-3.14.0.jar:/Users/preveen/.m2/repository/org/apache/camel/camel-ref/3.14.0/camel-ref-3.14.0.jar:/Users/preveen/.m2/repository/org/apache/camel/camel-rest/3.14.0/camel-rest-3.14.0.jar:/Users/preveen/.m2/repository/org/apache/camel/camel-tooling-model/3.14.0/camel-tooling-model-3.14.0.jar:/Users/preveen/.m2/repository/org/apache/camel/camel-util-json/3.14.0/camel-util-json-3.14.0.jar:/Users/preveen/.m2/repository/org/apache/camel/camel-saga/3.14.0/camel-saga-3.14.0.jar:/Users/preveen/.m2/repository/org/apache/camel/camel-scheduler/3.14.0/camel-scheduler-3.14.0.jar:/Users/preveen/.m2/repository/org/apache/camel/camel-seda/3.14.0/camel-seda-3.14.0.jar:/Users/preveen/.m2/repository/org/apache/camel/camel-stub/3.14.0/camel-stub-3.14.0.jar:/Users/preveen/.m2/repository/org/apache/camel/camel-timer/3.14.0/camel-timer-3.14.0.jar:/Users/preveen/.m2/repository/org/apache/camel/camel-validator/3.14.0/camel-validator-3.14.0.jar:/Users/preveen/.m2/repository/org/apache/camel/camel-vm/3.14.0/camel-vm-3.14.0.jar:/Users/preveen/.m2/repository/org/apache/camel/camel-xpath/3.14.0/camel-xpath-3.14.0.jar:/Users/preveen/.m2/repository/org/apache/camel/camel-xslt/3.14.0/camel-xslt-3.14.0.jar:/Users/preveen/.m2/repository/org/apache/camel/camel-xml-jaxb/3.14.0/camel-xml-jaxb-3.14.0.jar:/Users/preveen/.m2/repository/jakarta/xml/bind/jakarta.xml.bind-api/2.3.3/jakarta.xml.bind-api-2.3.3.jar:/Users/preveen/.m2/repository/jakarta/activation/jakarta.activation-api/1.2.2/jakarta.activation-api-1.2.2.jar:/Users/preveen/.m2/repository/com/sun/xml/bind/jaxb-core/2.3.0/jaxb-core-2.3.0.jar:/Users/preveen/.m2/repository/com/sun/xml/bind/jaxb-impl/2.3.3/jaxb-impl-2.3.3.jar:/Users/preveen/.m2/repository/com/sun/activation/jakarta.activation/1.2.2/jakarta.activation-1.2.2.jar:/Users/preveen/.m2/repository/org/apache/camel/camel-xml-jaxp/3.14.0/camel-xml-jaxp-3.14.0.jar:/Users/preveen/.m2/repository/org/apache/camel/camel-xml-io-util/3.14.0/camel-xml-io-util-3.14.0.jar:/Users/preveen/.m2/repository/org/slf4j/slf4j-api/1.7.30/slf4j-api-1.7.30.jar:/Users/preveen/.m2/repository/org/apache/camel/camel-stream/3.14.0/camel-stream-3.14.0.jar:/Users/preveen/.m2/repository/org/apache/camel/camel-support/3.14.0/camel-support-3.14.0.jar:/Users/preveen/.m2/repository/org/slf4j/slf4j-simple/1.7.32/slf4j-simple-1.7.32.jar:"/>
    <property name="java.vm.vendor" value="Oracle Corporation"/>
    <property name="sun.arch.data.model" value="64"/>
    <property name="java.vendor.url" value="https://java.oracle.com/"/>
    <property name="os.name" value="Mac OS X"/>
    <property name="java.vm.specification.version" value="19"/>
    <property name="sun.java.launcher" value="SUN_STANDARD"/>
    <property name="user.country" value="IN"/>
    <property name="sun.boot.library.path" value="/Library/Java/JavaVirtualMachines/jdk-19.0.2.jdk/Contents/Home/lib"/>
    <property name="sun.java.command" value="/Users/preveen/prevlabs/java/camel-hello-world/target/surefire/surefirebooter-20230514134230257_3.jar /Users/preveen/prevlabs/java/camel-hello-world/target/surefire 2023-05-14T13-42-30_202-jvmRun1 surefire-20230514134230257_1tmp surefire_0-20230514134230257_2tmp"/>
    <property name="http.nonProxyHosts" value="local|*.local|169.254/16|*.169.254/16"/>
    <property name="jdk.debug" value="release"/>
    <property name="surefire.test.class.path" value="/Users/preveen/prevlabs/java/camel-hello-world/target/test-classes:/Users/preveen/prevlabs/java/camel-hello-world/target/classes:/Users/preveen/.m2/repository/junit/junit/3.8.1/junit-3.8.1.jar:/Users/preveen/.m2/repository/org/apache/camel/camel-core/3.14.0/camel-core-3.14.0.jar:/Users/preveen/.m2/repository/org/apache/camel/camel-core-engine/3.14.0/camel-core-engine-3.14.0.jar:/Users/preveen/.m2/repository/org/apache/camel/camel-api/3.14.0/camel-api-3.14.0.jar:/Users/preveen/.m2/repository/org/apache/camel/camel-base-engine/3.14.0/camel-base-engine-3.14.0.jar:/Users/preveen/.m2/repository/org/apache/camel/camel-base/3.14.0/camel-base-3.14.0.jar:/Users/preveen/.m2/repository/org/apache/camel/camel-core-reifier/3.14.0/camel-core-reifier-3.14.0.jar:/Users/preveen/.m2/repository/org/apache/camel/camel-core-processor/3.14.0/camel-core-processor-3.14.0.jar:/Users/preveen/.m2/repository/org/apache/camel/camel-management-api/3.14.0/camel-management-api-3.14.0.jar:/Users/preveen/.m2/repository/org/apache/camel/camel-util/3.14.0/camel-util-3.14.0.jar:/Users/preveen/.m2/repository/org/apache/camel/camel-core-languages/3.14.0/camel-core-languages-3.14.0.jar:/Users/preveen/.m2/repository/org/apache/camel/camel-core-model/3.14.0/camel-core-model-3.14.0.jar:/Users/preveen/.m2/repository/org/apache/camel/camel-bean/3.14.0/camel-bean-3.14.0.jar:/Users/preveen/.m2/repository/org/apache/camel/camel-browse/3.14.0/camel-browse-3.14.0.jar:/Users/preveen/.m2/repository/org/apache/camel/camel-cluster/3.14.0/camel-cluster-3.14.0.jar:/Users/preveen/.m2/repository/org/apache/camel/camel-controlbus/3.14.0/camel-controlbus-3.14.0.jar:/Users/preveen/.m2/repository/org/apache/camel/camel-dataformat/3.14.0/camel-dataformat-3.14.0.jar:/Users/preveen/.m2/repository/org/apache/camel/camel-dataset/3.14.0/camel-dataset-3.14.0.jar:/Users/preveen/.m2/repository/org/apache/camel/camel-direct/3.14.0/camel-direct-3.14.0.jar:/Users/preveen/.m2/repository/org/apache/camel/camel-directvm/3.14.0/camel-directvm-3.14.0.jar:/Users/preveen/.m2/repository/org/apache/camel/camel-file/3.14.0/camel-file-3.14.0.jar:/Users/preveen/.m2/repository/org/apache/camel/camel-health/3.14.0/camel-health-3.14.0.jar:/Users/preveen/.m2/repository/org/apache/camel/camel-language/3.14.0/camel-language-3.14.0.jar:/Users/preveen/.m2/repository/org/apache/camel/camel-log/3.14.0/camel-log-3.14.0.jar:/Users/preveen/.m2/repository/org/apache/camel/camel-mock/3.14.0/camel-mock-3.14.0.jar:/Users/preveen/.m2/repository/org/apache/camel/camel-ref/3.14.0/camel-ref-3.14.0.jar:/Users/preveen/.m2/repository/org/apache/camel/camel-rest/3.14.0/camel-rest-3.14.0.jar:/Users/preveen/.m2/repository/org/apache/camel/camel-tooling-model/3.14.0/camel-tooling-model-3.14.0.jar:/Users/preveen/.m2/repository/org/apache/camel/camel-util-json/3.14.0/camel-util-json-3.14.0.jar:/Users/preveen/.m2/repository/org/apache/camel/camel-saga/3.14.0/camel-saga-3.14.0.jar:/Users/preveen/.m2/repository/org/apache/camel/camel-scheduler/3.14.0/camel-scheduler-3.14.0.jar:/Users/preveen/.m2/repository/org/apache/camel/camel-seda/3.14.0/camel-seda-3.14.0.jar:/Users/preveen/.m2/repository/org/apache/camel/camel-stub/3.14.0/camel-stub-3.14.0.jar:/Users/preveen/.m2/repository/org/apache/camel/camel-timer/3.14.0/camel-timer-3.14.0.jar:/Users/preveen/.m2/repository/org/apache/camel/camel-validator/3.14.0/camel-validator-3.14.0.jar:/Users/preveen/.m2/repository/org/apache/camel/camel-vm/3.14.0/camel-vm-3.14.0.jar:/Users/preveen/.m2/repository/org/apache/camel/camel-xpath/3.14.0/camel-xpath-3.14.0.jar:/Users/preveen/.m2/repository/org/apache/camel/camel-xslt/3.14.0/camel-xslt-3.14.0.jar:/Users/preveen/.m2/repository/org/apache/camel/camel-xml-jaxb/3.14.0/camel-xml-jaxb-3.14.0.jar:/Users/preveen/.m2/repository/jakarta/xml/bind/jakarta.xml.bind-api/2.3.3/jakarta.xml.bind-api-2.3.3.jar:/Users/preveen/.m2/repository/jakarta/activation/jakarta.activation-api/1.2.2/jakarta.activation-api-1.2.2.jar:/Users/preveen/.m2/repository/com/sun/xml/bind/jaxb-core/2.3.0/jaxb-core-2.3.0.jar:/Users/preveen/.m2/repository/com/sun/xml/bind/jaxb-impl/2.3.3/jaxb-impl-2.3.3.jar:/Users/preveen/.m2/repository/com/sun/activation/jakarta.activation/1.2.2/jakarta.activation-1.2.2.jar:/Users/preveen/.m2/repository/org/apache/camel/camel-xml-jaxp/3.14.0/camel-xml-jaxp-3.14.0.jar:/Users/preveen/.m2/repository/org/apache/camel/camel-xml-io-util/3.14.0/camel-xml-io-util-3.14.0.jar:/Users/preveen/.m2/repository/org/slf4j/slf4j-api/1.7.30/slf4j-api-1.7.30.jar:/Users/preveen/.m2/repository/org/apache/camel/camel-stream/3.14.0/camel-stream-3.14.0.jar:/Users/preveen/.m2/repository/org/apache/camel/camel-support/3.14.0/camel-support-3.14.0.jar:/Users/preveen/.m2/repository/org/slf4j/slf4j-simple/1.7.32/slf4j-simple-1.7.32.jar:"/>
    <property name="sun.cpu.endian" value="little"/>
    <property name="user.home" value="/Users/preveen"/>
    <property name="user.language" value="en"/>
    <property name="java.specification.vendor" value="Oracle Corporation"/>
    <property name="java.version.date" value="2023-01-17"/>
    <property name="java.home" value="/Library/Java/JavaVirtualMachines/jdk-19.0.2.jdk/Contents/Home"/>
    <property name="file.separator" value="/"/>
    <property name="basedir" value="/Users/preveen/prevlabs/java/camel-hello-world"/>
    <property name="java.vm.compressedOopsMode" value="Zero based"/>
    <property name="line.separator" value="&#10;"/>
    <property name="java.vm.specification.vendor" value="Oracle Corporation"/>
    <property name="java.specification.name" value="Java Platform API Specification"/>
    <property name="apple.awt.application.name" value="ForkedBooter"/>
    <property name="surefire.real.class.path" value="/Users/preveen/prevlabs/java/camel-hello-world/target/surefire/surefirebooter-20230514134230257_3.jar"/>
    <property name="sun.management.compiler" value="HotSpot 64-Bit Tiered Compilers"/>
    <property name="ftp.nonProxyHosts" value="local|*.local|169.254/16|*.169.254/16"/>
    <property name="java.runtime.version" value="19.0.2+7-44"/>
    <property name="user.name" value="preveen"/>
    <property name="stdout.encoding" value="UTF-8"/>
    <property name="path.separator" value=":"/>
    <property name="os.version" value="13.3.1"/>
    <property name="java.runtime.name" value="OpenJDK Runtime Environment"/>
    <property name="file.encoding" value="UTF-8"/>
    <property name="java.vm.name" value="OpenJDK 64-Bit Server VM"/>
    <property name="localRepository" value="/Users/preveen/.m2/repository"/>
    <property name="java.vendor.url.bug" value="https://bugreport.java.com/bugreport/"/>
    <property name="java.io.tmpdir" value="/var/folders/7q/r6c7g3dd6n1gf71558_l48p40000gp/T/"/>
    <property name="java.version" value="19.0.2"/>
    <property name="user.dir" value="/Users/preveen/prevlabs/java/camel-hello-world"/>
    <property name="os.arch" value="x86_64"/>
    <property name="java.vm.specification.name" value="Java Virtual Machine Specification"/>
    <property name="native.encoding" value="UTF-8"/>
    <property name="java.library.path" value="/Users/preveen/Library/Java/Extensions:/Library/Java/Extensions:/Network/Library/Java/Extensions:/System/Library/Java/Extensions:/usr/lib/java:."/>
    <property name="java.vm.info" value="mixed mode, sharing"/>
    <property name="stderr.encoding" value="UTF-8"/>
    <property name="java.vendor" value="Oracle Corporation"/>
    <property name="java.vm.version" value="19.0.2+7-44"/>
    <property name="sun.io.unicode.encoding" value="UnicodeBig"/>
    <property name="socksNonProxyHosts" value="local|*.local|169.254/16|*.169.254/16"/>
    <property name="java.class.version" value="63.0"/>
  </properties>
  <testcase name="testApp" classname="com.example.AppTest" time="0.003"/>
</testsuite>